<?xml version="1.0" encoding="UTF-8"?>
<!-- Generated by org.testng.reporters.JUnitReportReporter -->
<testsuite hostname="Mypc" name="testNG.UserReg" tests="1" failures="0" timestamp="29 Apr 2018 02:56:31 GMT" time="15.189" errors="0">
  <testcase name="OrgserReg" time="15.189" classname="testNG.UserReg"/>
</testsuite> <!-- testNG.UserReg -->
