<?xml version="1.0" encoding="UTF-8"?>
<!-- Generated by org.testng.reporters.JUnitReportReporter -->
<testsuite hostname="Mypc" name="testNG.Empreg" tests="1" failures="0" timestamp="29 Apr 2018 02:56:31 GMT" time="9.782" errors="0">
  <testcase name="OrgEmpreg" time="9.782" classname="testNG.Empreg"/>
</testsuite> <!-- testNG.Empreg -->
