<?xml version="1.0" encoding="UTF-8"?>
<!-- Generated by org.testng.reporters.JUnitReportReporter -->
<testsuite hostname="Mypc" name="testNG.BasicAnnotationsEg" tests="3" failures="0" timestamp="29 Apr 2018 02:20:29 GMT" time="0.087" errors="0">
  <testcase name="Apple" time="0.013" classname="testNG.BasicAnnotationsEg"/>
  <testcase name="Function1" time="0.024" classname="testNG.BasicAnnotationsEg"/>
  <testcase name="Function2" time="0.050" classname="testNG.BasicAnnotationsEg"/>
</testsuite> <!-- testNG.BasicAnnotationsEg -->
