<?xml version="1.0" encoding="UTF-8"?>
<!-- Generated by org.testng.reporters.JUnitReportReporter -->
<testsuite hostname="Mypc" name="pom.LoginTC_POM" tests="1" failures="0" timestamp="29 Apr 2018 03:28:58 GMT" time="30.823" errors="0">
  <testcase name="ln" time="30.823" classname="pom.LoginTC_POM"/>
</testsuite> <!-- pom.LoginTC_POM -->
